{"/Users/Ed/Projects/bowling-scorecard/Gruntfile.js":{"path":"/Users/Ed/Projects/bowling-scorecard/Gruntfile.js","s":{"1":1,"2":1,"3":1,"4":1,"5":1,"6":1,"7":1,"8":1},"b":{},"f":{"1":1},"fnMap":{"1":{"name":"(anonymous_1)","line":1,"loc":{"start":{"line":1,"column":17},"end":{"line":1,"column":32}}}},"statementMap":{"1":{"start":{"line":1,"column":0},"end":{"line":60,"column":2}},"2":{"start":{"line":3,"column":2},"end":{"line":50,"column":5}},"3":{"start":{"line":52,"column":2},"end":{"line":52,"column":45}},"4":{"start":{"line":53,"column":2},"end":{"line":53,"column":44}},"5":{"start":{"line":54,"column":2},"end":{"line":54,"column":45}},"6":{"start":{"line":55,"column":1},"end":{"line":55,"column":45}},"7":{"start":{"line":56,"column":1},"end":{"line":56,"column":44}},"8":{"start":{"line":58,"column":2},"end":{"line":58,"column":89}}},"branchMap":{}}}